This is pdfTeX, Version 3.14159265-2.6-1.40.19 (MiKTeX 2.9.6840 64-bit) (preloaded format=latex 2020.2.19)  8 APR 2020 15:55
entering extended mode
**./main_QE_report.tex
(main_QE_report.tex
LaTeX2e <2018-04-01> patch level 5
(setting.tex ("C:\Program Files\MiKTeX 2.9\tex\latex\base\report.cls"
Document Class: report 2014/09/29 v1.4h Standard LaTeX document class
("C:\Program Files\MiKTeX 2.9\tex\latex\base\size12.clo"
File: size12.clo 2014/09/29 v1.4h Standard LaTeX file (size option)
)
\c@part=\count80
\c@chapter=\count81
\c@section=\count82
\c@subsection=\count83
\c@subsubsection=\count84
\c@paragraph=\count85
\c@subparagraph=\count86
\c@figure=\count87
\c@table=\count88
\abovecaptionskip=\skip41
\belowcaptionskip=\skip42
\bibindent=\dimen102
) (subfigure.sty
Package: subfigure 1995/03/06 v2.0 subfigure package

Package: subfigure 1995/03/06 v2.0
\c@subfigure=\count89
\c@lofdepth=\count90
\c@subtable=\count91
\c@lotdepth=\count92
) ("C:\Program Files\MiKTeX 2.9\tex\latex\amsfonts\amssymb.sty"
Package: amssymb 2013/01/14 v3.01 AMS font symbols

("C:\Program Files\MiKTeX 2.9\tex\latex\amsfonts\amsfonts.sty"
Package: amsfonts 2013/01/14 v3.01 Basic AMSFonts support
\@emptytoks=\toks14
\symAMSa=\mathgroup4
\symAMSb=\mathgroup5
LaTeX Font Info:    Overwriting math alphabet `\mathfrak' in version `bold'
(Font)                  U/euf/m/n --> U/euf/b/n on input line 106.
))
("C:\Program Files\MiKTeX 2.9\tex\latex\amsmath\amsmath.sty"
Package: amsmath 2017/09/02 v2.17a AMS math features
\@mathmargin=\skip43

For additional information on amsmath, use the `?' option.
("C:\Program Files\MiKTeX 2.9\tex\latex\amsmath\amstext.sty"
Package: amstext 2000/06/29 v2.01 AMS text
 ("C:\Program Files\MiKTeX 2.9\tex\latex\amsmath\amsgen.sty"
File: amsgen.sty 1999/11/30 v2.0 generic functions
\@emptytoks=\toks15
\ex@=\dimen103
)) ("C:\Program Files\MiKTeX 2.9\tex\latex\amsmath\amsbsy.sty"
Package: amsbsy 1999/11/29 v1.2d Bold Symbols
\pmbraise@=\dimen104
)
("C:\Program Files\MiKTeX 2.9\tex\latex\amsmath\amsopn.sty"
Package: amsopn 2016/03/08 v2.02 operator names
)
\inf@bad=\count93
LaTeX Info: Redefining \frac on input line 213.
\uproot@=\count94
\leftroot@=\count95
LaTeX Info: Redefining \overline on input line 375.
\classnum@=\count96
\DOTSCASE@=\count97
LaTeX Info: Redefining \ldots on input line 472.
LaTeX Info: Redefining \dots on input line 475.
LaTeX Info: Redefining \cdots on input line 596.
\Mathstrutbox@=\box26
\strutbox@=\box27
\big@size=\dimen105
LaTeX Font Info:    Redeclaring font encoding OML on input line 712.
LaTeX Font Info:    Redeclaring font encoding OMS on input line 713.
\macc@depth=\count98
\c@MaxMatrixCols=\count99
\dotsspace@=\muskip10
\c@parentequation=\count100
\dspbrk@lvl=\count101
\tag@help=\toks16
\row@=\count102
\column@=\count103
\maxfields@=\count104
\andhelp@=\toks17
\eqnshift@=\dimen106
\alignsep@=\dimen107
\tagshift@=\dimen108
\tagwidth@=\dimen109
\totwidth@=\dimen110
\lineht@=\dimen111
\@envbody=\toks18
\multlinegap=\skip44
\multlinetaggap=\skip45
\mathdisplay@stack=\toks19
LaTeX Info: Redefining \[ on input line 2817.
LaTeX Info: Redefining \] on input line 2818.
) ("C:\Program Files\MiKTeX 2.9\tex\latex\graphics\epsfig.sty"
Package: epsfig 2017/06/25 v1.7b (e)psfig emulation (SPQR)
 ("C:\Program Files\MiKTeX 2.9\tex\latex\graphics\graphicx.sty"
Package: graphicx 2017/06/01 v1.1a Enhanced LaTeX Graphics (DPC,SPQR)

("C:\Program Files\MiKTeX 2.9\tex\latex\graphics\keyval.sty"
Package: keyval 2014/10/28 v1.15 key=value parser (DPC)
\KV@toks@=\toks20
)
("C:\Program Files\MiKTeX 2.9\tex\latex\graphics\graphics.sty"
Package: graphics 2017/06/25 v1.2c Standard LaTeX Graphics (DPC,SPQR)
 ("C:\Program Files\MiKTeX 2.9\tex\latex\graphics\trig.sty"
Package: trig 2016/01/03 v1.10 sin cos tan (DPC)
) ("C:\Program Files\MiKTeX 2.9\tex\latex\graphics-cfg\graphics.cfg"
File: graphics.cfg 2016/06/04 v1.11 sample graphics configuration
)
Package graphics Info: Driver file: dvips.def on input line 99.

("C:\Program Files\MiKTeX 2.9\tex\latex\graphics-def\dvips.def"
File: dvips.def 2017/06/20 v3.1d Graphics/color driver for dvips
))
\Gin@req@height=\dimen112
\Gin@req@width=\dimen113
)
\epsfxsize=\dimen114
\epsfysize=\dimen115
) (fancyheadings.sty
\headrulewidth=\dimen116
\footrulewidth=\dimen117
\plainheadrulewidth=\dimen118
\plainfootrulewidth=\dimen119
\headwidth=\dimen120
)
(C:\Users\ernes\AppData\Roaming\MiKTeX\2.9\tex\latex\cite\cite.sty
LaTeX Info: Redefining \cite on input line 302.
LaTeX Info: Redefining \nocite on input line 332.
Package: cite 2015/02/27  v 5.5
)
\c@theorem=\count105
\c@theorem=\count106
\c@lemma=\count107
\c@lemma=\count108
\c@corollary=\count109
\c@corollary=\count110
\c@definition=\count111
\c@definition=\count112
)
(C:\Users\ernes\AppData\Roaming\MiKTeX\2.9\tex\latex\newtx\newtxmath.sty
Package: newtxmath 2020/01/25 v1.624

`newtxmath' v1.624, 2020/01/25 Math macros based originally on txfonts (msharpe)
(C:\Users\ernes\AppData\Roaming\MiKTeX\2.9\tex\latex\etoolbox\etoolbox.sty
Package: etoolbox 2019/09/21 v2.5h e-TeX tools for LaTeX (JAW)
\etb@tempcnta=\count113
)
(C:\Users\ernes\AppData\Roaming\MiKTeX\2.9\tex\generic\iftex\ifxetex.sty
Package: ifxetex 2019/10/25 v0.7 ifxetex legacy package. Use iftex instead.

(C:\Users\ernes\AppData\Roaming\MiKTeX\2.9\tex\generic\iftex\iftex.sty
Package: iftex 2019/11/07 v1.0c TeX engine tests
))
(C:\Users\ernes\AppData\Roaming\MiKTeX\2.9\tex\generic\iftex\ifluatex.sty
Package: ifluatex 2019/10/25 v1.5 ifluatex legacy package. Use iftex instead.
)
("C:\Program Files\MiKTeX 2.9\tex\latex\xkeyval\xkeyval.sty"
Package: xkeyval 2014/12/03 v2.7a package option processing (HA)

("C:\Program Files\MiKTeX 2.9\tex\generic\xkeyval\xkeyval.tex"
("C:\Program Files\MiKTeX 2.9\tex\generic\xkeyval\xkvutils.tex"
\XKV@toks=\toks21
\XKV@tempa@toks=\toks22
)
\XKV@depth=\count114
File: xkeyval.tex 2014/12/03 v2.7a key=value parser (HA)
))
("C:\Program Files\MiKTeX 2.9\tex\latex\oberdiek\centernot.sty"
Package: centernot 2016/05/16 v1.4 Centers the not symbol horizontally (HO)
)
\tx@cntz=\count115

(C:\Users\ernes\AppData\Roaming\MiKTeX\2.9\tex\generic\binhex\binhex.tex)
\tx@Isdigit=\count116
\tx@IsAlNum=\count117
\tx@tA=\toks23
\tx@tB=\toks24
\tx@su=\read1
LaTeX Font Info:    Redeclaring symbol font `operators' on input line 317.
LaTeX Font Info:    Overwriting symbol font `operators' in version `normal'
(Font)                  OT1/cmr/m/n --> OT1/cmr/m/n on input line 317.
LaTeX Font Info:    Overwriting symbol font `operators' in version `bold'
(Font)                  OT1/cmr/bx/n --> OT1/cmr/m/n on input line 317.
LaTeX Font Info:    Overwriting symbol font `operators' in version `bold'
(Font)                  OT1/cmr/m/n --> OT1/cmr/b/n on input line 318.
LaTeX Font Info:    Redeclaring math alphabet \mathsf on input line 326.
LaTeX Font Info:    Overwriting math alphabet `\mathsf' in version `normal'
(Font)                  OT1/cmss/m/n --> OT1/cmss/m/n on input line 326.
LaTeX Font Info:    Overwriting math alphabet `\mathsf' in version `bold'
(Font)                  OT1/cmss/bx/n --> OT1/cmss/m/n on input line 326.
LaTeX Font Info:    Redeclaring math alphabet \mathit on input line 327.
LaTeX Font Info:    Overwriting math alphabet `\mathit' in version `normal'
(Font)                  OT1/cmr/m/it --> OT1/cmr/m/it on input line 327.
LaTeX Font Info:    Overwriting math alphabet `\mathit' in version `bold'
(Font)                  OT1/cmr/bx/it --> OT1/cmr/m/it on input line 327.
LaTeX Font Info:    Redeclaring math alphabet \mathtt on input line 328.
LaTeX Font Info:    Overwriting math alphabet `\mathtt' in version `normal'
(Font)                  OT1/cmtt/m/n --> OT1/cmtt/m/n on input line 328.
LaTeX Font Info:    Overwriting math alphabet `\mathtt' in version `bold'
(Font)                  OT1/cmtt/m/n --> OT1/cmtt/m/n on input line 328.
LaTeX Font Info:    Redeclaring math alphabet \mathbf on input line 330.
LaTeX Font Info:    Overwriting math alphabet `\mathbf' in version `normal'
(Font)                  OT1/cmr/bx/n --> OT1/cmr/b/n on input line 330.
LaTeX Font Info:    Overwriting math alphabet `\mathbf' in version `bold'
(Font)                  OT1/cmr/bx/n --> OT1/cmr/b/n on input line 330.
LaTeX Font Info:    Overwriting math alphabet `\mathit' in version `bold'
(Font)                  OT1/cmr/m/it --> OT1/cmr/b/it on input line 331.
LaTeX Font Info:    Overwriting math alphabet `\mathsf' in version `bold'
(Font)                  OT1/cmss/m/n --> OT1/cmss/b/n on input line 332.
LaTeX Font Info:    Overwriting math alphabet `\mathtt' in version `bold'
(Font)                  OT1/cmtt/m/n --> OT1/cmtt/b/n on input line 333.
LaTeX Font Info:    Redeclaring symbol font `letters' on input line 422.
LaTeX Font Info:    Overwriting symbol font `letters' in version `normal'
(Font)                  OML/cmm/m/it --> OML/ntxmi/m/it on input line 422.
LaTeX Font Info:    Overwriting symbol font `letters' in version `bold'
(Font)                  OML/cmm/b/it --> OML/ntxmi/m/it on input line 422.
LaTeX Font Info:    Overwriting symbol font `letters' in version `bold'
(Font)                  OML/ntxmi/m/it --> OML/ntxmi/b/it on input line 423.
\symlettersA=\mathgroup6
LaTeX Font Info:    Overwriting symbol font `lettersA' in version `bold'
(Font)                  U/ntxmia/m/it --> U/ntxmia/b/it on input line 476.
LaTeX Font Info:    Redeclaring math alphabet \mathfrak on input line 478.
Now handling font encoding LMS ...
... no UTF-8 mapping file for font encoding LMS
LaTeX Font Info:    Redeclaring symbol font `symbols' on input line 497.
LaTeX Font Info:    Encoding `OMS' has changed to `LMS' for symbol font
(Font)              `symbols' in the math version `normal' on input line 497.
LaTeX Font Info:    Overwriting symbol font `symbols' in version `normal'
(Font)                  OMS/cmsy/m/n --> LMS/ntxsy/m/n on input line 497.
LaTeX Font Info:    Encoding `OMS' has changed to `LMS' for symbol font
(Font)              `symbols' in the math version `bold' on input line 497.
LaTeX Font Info:    Overwriting symbol font `symbols' in version `bold'
(Font)                  OMS/cmsy/b/n --> LMS/ntxsy/m/n on input line 497.
LaTeX Font Info:    Overwriting symbol font `symbols' in version `bold'
(Font)                  LMS/ntxsy/m/n --> LMS/ntxsy/b/n on input line 498.
\symAMSm=\mathgroup7
LaTeX Font Info:    Overwriting symbol font `AMSm' in version `bold'
(Font)                  U/ntxsym/m/n --> U/ntxsym/b/n on input line 521.
\symsymbolsC=\mathgroup8
LaTeX Font Info:    Overwriting symbol font `symbolsC' in version `bold'
(Font)                  U/ntxsyc/m/n --> U/ntxsyc/b/n on input line 542.
Now handling font encoding LMX ...
... no UTF-8 mapping file for font encoding LMX
LaTeX Font Info:    Redeclaring symbol font `largesymbols' on input line 555.
LaTeX Font Info:    Encoding `OMX' has changed to `LMX' for symbol font
(Font)              `largesymbols' in the math version `normal' on input line 555.
LaTeX Font Info:    Overwriting symbol font `largesymbols' in version `normal'
(Font)                  OMX/cmex/m/n --> LMX/ntxexx/m/n on input line 555.
LaTeX Font Info:    Encoding `OMX' has changed to `LMX' for symbol font
(Font)              `largesymbols' in the math version `bold' on input line 555.
LaTeX Font Info:    Overwriting symbol font `largesymbols' in version `bold'
(Font)                  OMX/cmex/m/n --> LMX/ntxexx/m/n on input line 555.
LaTeX Font Info:    Overwriting symbol font `largesymbols' in version `bold'
(Font)                  LMX/ntxexx/m/n --> LMX/ntxexx/b/n on input line 556.
\symlargesymbolsTXA=\mathgroup9
LaTeX Font Info:    Overwriting symbol font `largesymbolsTXA' in version `bold'
(Font)                  U/ntxexa/m/n --> U/ntxexa/b/n on input line 570.
\tx@sbptoks=\toks25
LaTeX Font Info:    Redeclaring math delimiter \lfloor on input line 792.
LaTeX Font Info:    Redeclaring math delimiter \rfloor on input line 793.
LaTeX Font Info:    Redeclaring math delimiter \lceil on input line 794.
LaTeX Font Info:    Redeclaring math delimiter \rceil on input line 795.
LaTeX Font Info:    Redeclaring math delimiter \lbrace on input line 796.
LaTeX Font Info:    Redeclaring math delimiter \rbrace on input line 797.
LaTeX Font Info:    Redeclaring math delimiter \langle on input line 798.
LaTeX Font Info:    Redeclaring math delimiter \rangle on input line 800.
LaTeX Font Info:    Redeclaring math delimiter \arrowvert on input line 804.
LaTeX Font Info:    Redeclaring math delimiter \vert on input line 805.
\ntx@numstart=\count118
\ntx@UCstart=\count119
\ntx@lcstart=\count120
\ntx@tmpc=\count121
\ntx@imath=\count122
\ntx@jmath=\count123
LaTeX Info: Redefining \Bbbk on input line 2449.
LaTeX Info: Redefining \not on input line 2598.
)
("C:\Program Files\MiKTeX 2.9\tex\latex\tools\longtable.sty"
Package: longtable 2014/10/28 v4.11 Multi-page Table package (DPC)
\LTleft=\skip46
\LTright=\skip47
\LTpre=\skip48
\LTpost=\skip49
\LTchunksize=\count124
\LTcapwidth=\dimen121
\LT@head=\box28
\LT@firsthead=\box29
\LT@foot=\box30
\LT@lastfoot=\box31
\LT@cols=\count125
\LT@rows=\count126
\c@LT@tables=\count127
\c@LT@chunks=\count128
\LT@p@ftn=\toks26
) (main_QE_report.aux (fm6-publication.aux) (ch1-intro.aux)
(ch2-literature_review.aux) (ch3-efficiency_improvements.aux

LaTeX Warning: Label `QSPQPSK_eqn8' multiply defined.


LaTeX Warning: Label `QSPQPSK_eqn9' multiply defined.

) (ch4-HBD_ACS.aux) (ch5-conclu.aux) (bm1-appendix.aux))
\openout1 = `main_QE_report.aux'.

LaTeX Font Info:    Checking defaults for OML/ntxmi/m/it on input line 27.
LaTeX Font Info:    Try loading font information for OML+ntxmi on input line 27.

(C:\Users\ernes\AppData\Roaming\MiKTeX\2.9\tex\latex\newtx\omlntxmi.fd
File: omlntxmi.fd 2015/08/25 Fontinst v1.933 font definitions for OML/ntxmi.
)
LaTeX Font Info:    ... okay on input line 27.
LaTeX Font Info:    Checking defaults for T1/cmr/m/n on input line 27.
LaTeX Font Info:    ... okay on input line 27.
LaTeX Font Info:    Checking defaults for OT1/cmr/m/n on input line 27.
LaTeX Font Info:    ... okay on input line 27.
LaTeX Font Info:    Checking defaults for OMS/cmsy/m/n on input line 27.
LaTeX Font Info:    ... okay on input line 27.
LaTeX Font Info:    Checking defaults for OMX/cmex/m/n on input line 27.
LaTeX Font Info:    ... okay on input line 27.
LaTeX Font Info:    Checking defaults for U/ntxexa/m/n on input line 27.
LaTeX Font Info:    Try loading font information for U+ntxexa on input line 27.

(C:\Users\ernes\AppData\Roaming\MiKTeX\2.9\tex\latex\newtx\untxexa.fd
File: untxexa.fd 2012/04/16 Fontinst v1.933 font definitions for U/ntxexa.
)
LaTeX Font Info:    ... okay on input line 27.
LaTeX Font Info:    Checking defaults for LMS/ntxsy/m/n on input line 27.
LaTeX Font Info:    Try loading font information for LMS+ntxsy on input line 27.

(C:\Users\ernes\AppData\Roaming\MiKTeX\2.9\tex\latex\newtx\lmsntxsy.fd
File: lmsntxsy.fd 2016/07/02 Fontinst v1.933 font definitions for LMS/ntxsy.
)
LaTeX Font Info:    ... okay on input line 27.
LaTeX Font Info:    Checking defaults for LMX/ntxexx/m/n on input line 27.
LaTeX Font Info:    Try loading font information for LMX+ntxexx on input line 27.

(C:\Users\ernes\AppData\Roaming\MiKTeX\2.9\tex\latex\newtx\lmxntxexx.fd
File: lmxntxexx.fd 2016/07/03 Fontinst v1.933 font definitions for LMX/ntxexx.
)
LaTeX Font Info:    ... okay on input line 27.
 (fm1-cover.tex
File: NTU_new_logo.eps Graphic file (type eps)
 <NTU_new_logo.eps>

LaTeX Font Warning: Font shape `OT1/cmr/m/n' in size <10.5> not available
(Font)              size <10.95> substituted on input line 18.

LaTeX Font Info:    Try loading font information for U+msa on input line 18.
("C:\Program Files\MiKTeX 2.9\tex\latex\amsfonts\umsa.fd"
File: umsa.fd 2013/01/14 v3.01 AMS symbols A
)
LaTeX Font Info:    Try loading font information for U+msb on input line 18.
 ("C:\Program Files\MiKTeX 2.9\tex\latex\amsfonts\umsb.fd"
File: umsb.fd 2013/01/14 v3.01 AMS symbols B
)
LaTeX Font Info:    Try loading font information for U+ntxmia on input line 18.

(C:\Users\ernes\AppData\Roaming\MiKTeX\2.9\tex\latex\newtx\untxmia.fd
File: untxmia.fd 2018/04/14 Fontinst v1.933 font definitions for U/ntxmia.
)
LaTeX Font Info:    Try loading font information for U+ntxsym on input line 18.

(C:\Users\ernes\AppData\Roaming\MiKTeX\2.9\tex\latex\newtx\untxsym.fd
File: untxsym.fd 2015/03/20 Fontinst v1.933 font definitions for U/ntxsym.
)
LaTeX Font Info:    Try loading font information for U+ntxsyc on input line 18.

(C:\Users\ernes\AppData\Roaming\MiKTeX\2.9\tex\latex\newtx\untxsyc.fd
File: untxsyc.fd 2012/04/12 Fontinst v1.933 font definitions for U/ntxsyc.
) [1

]) (fm2-abstract.tex [1

]) (fm3-ack.tex [2])
[3

] (main_QE_report.toc [4

] [5] [6])
\tf@toc=\write3
\openout3 = `main_QE_report.toc'.

 [7] (main_QE_report.lof [8

])
\tf@lof=\write4
\openout4 = `main_QE_report.lof'.

 [9] (main_QE_report.lot)
\tf@lot=\write5
\openout5 = `main_QE_report.lot'.

 [10

] (fm4-abbrev.tex [11

]
[12]) [13]
\openout2 = `fm6-publication.aux'.

 (fm6-publication.tex
LaTeX Font Info:    Try loading font information for OMS+cmr on input line 7.
 ("C:\Program Files\MiKTeX 2.9\tex\latex\base\omscmr.fd"
File: omscmr.fd 2014/09/29 v2.5h Standard LaTeX font definitions
)
LaTeX Font Info:    Font shape `OMS/cmr/m/n' in size <12> not available
(Font)              Font shape `OMS/cmsy/m/n' tried instead on input line 7.
) [14


] (format-main-body.tex)
\openout2 = `ch1-intro.aux'.


(ch1-intro.tex
Chapter 1.
[1



] [2] [3] [4] [5] [6]) [7]
\openout2 = `ch2-literature_review.aux'.

 (ch2-literature_review.tex
Chapter 2.
[8



]
Overfull \vbox (8.18335pt too high) has occurred while \output is active []

 [9]
Overfull \vbox (8.18335pt too high) has occurred while \output is active []

 [10]

LaTeX Warning: No positions in optional float specifier.
               Default added (so using `tbp') on input line 42.


Overfull \vbox (8.18335pt too high) has occurred while \output is active []

 [11]
Overfull \vbox (8.18335pt too high) has occurred while \output is active []

 [12]

LaTeX Warning: No positions in optional float specifier.
               Default added (so using `tbp') on input line 63.


LaTeX Warning: No positions in optional float specifier.
               Default added (so using `tbp') on input line 85.


Overfull \vbox (8.18335pt too high) has occurred while \output is active []

 [13]
Overfull \vbox (8.18335pt too high) has occurred while \output is active []

 [14]

LaTeX Warning: No positions in optional float specifier.
               Default added (so using `tbp') on input line 111.


Overfull \vbox (8.18335pt too high) has occurred while \output is active []

 [15]

LaTeX Warning: No positions in optional float specifier.
               Default added (so using `tbp') on input line 133.

File: chap2_fig/chap2_fd_gs_system_model.eps Graphic file (type eps)
<chap2_fig/chap2_fd_gs_system_model.eps>

LaTeX Warning: No positions in optional float specifier.
               Default added (so using `tbp') on input line 143.

File: chap2_fig/chap2_hd_gs_system_model.eps Graphic file (type eps)
<chap2_fig/chap2_hd_gs_system_model.eps>
Overfull \vbox (8.18335pt too high) has occurred while \output is active []

 [16]
Overfull \vbox (8.18335pt too high) has occurred while \output is active []

 [17]
Overfull \vbox (8.18335pt too high) has occurred while \output is active []

 [18]
Overfull \vbox (8.18335pt too high) has occurred while \output is active []

 [19]

LaTeX Warning: No positions in optional float specifier.
               Default added (so using `tbp') on input line 177.

File: chap2_fig/NOMA_fig1.eps Graphic file (type eps)
<chap2_fig/NOMA_fig1.eps>
Overfull \vbox (8.18335pt too high) has occurred while \output is active []

 [20]
File: chap2_fig/NOMA_fig2.eps Graphic file (type eps)
 <chap2_fig/NOMA_fig2.eps>
Overfull \vbox (8.18335pt too high) has occurred while \output is active []

 [21]

LaTeX Warning: No positions in optional float specifier.
               Default added (so using `tbp') on input line 203.


Overfull \vbox (8.18335pt too high) has occurred while \output is active []

 [22]
Overfull \hbox (8.36702pt too wide) in paragraph at lines 232--232
[]\OT1/cmr/bx/n/14.4 In-Band Full-Duplex Ra-dio Sys-tems for Aero-nau-ti-cal Com-
 []


LaTeX Warning: No positions in optional float specifier.
               Default added (so using `tbp') on input line 239.

File: chap2_fig/IBFD_fig2.eps Graphic file (type eps)
<chap2_fig/IBFD_fig2.eps>
Overfull \vbox (8.18335pt too high) has occurred while \output is active []

 [23]
Overfull \vbox (8.18335pt too high) has occurred while \output is active []

 [24]
Overfull \vbox (8.18335pt too high) has occurred while \output is active []

 [25]
Overfull \vbox (8.18335pt too high) has occurred while \output is active []

 [26]
Overfull \vbox (8.18335pt too high) has occurred while \output is active []

 [27]
Overfull \vbox (8.18335pt too high) has occurred while \output is active []

 [28]
Overfull \vbox (8.18335pt too high) has occurred while \output is active []

 [29]
Overfull \vbox (8.18335pt too high) has occurred while \output is active []

 [30])
Overfull \vbox (8.18335pt too high) has occurred while \output is active []

 [31]
\openout2 = `ch3-efficiency_improvements.aux'.

 (ch3-efficiency_improvements.tex
Chapter 3.
[32



] [33]
Overfull \hbox (7.37012pt too wide) in paragraph at lines 77--77
[]\OT1/cmr/bx/n/17.28 Performance of QS-PQPSK in Aero-nau-ti-cal Com-
 []

[34]

LaTeX Warning: No positions in optional float specifier.
               Default added (so using `tbp') on input line 83.

File: chap3_fig/chap3_fig1.eps Graphic file (type eps)
<chap3_fig/chap3_fig1.eps>

LaTeX Warning: No positions in optional float specifier.
               Default added (so using `tbp') on input line 92.

File: chap3_fig/chap3_fig2.eps Graphic file (type eps)
<chap3_fig/chap3_fig2.eps> [35]

LaTeX Warning: No positions in optional float specifier.
               Default added (so using `tbp') on input line 103.

File: chap3_fig/chap3_fig3.eps Graphic file (type eps)
<chap3_fig/chap3_fig3.eps>

LaTeX Warning: No positions in optional float specifier.
               Default added (so using `tbp') on input line 112.

File: chap3_fig/chap3_fig4.eps Graphic file (type eps)
<chap3_fig/chap3_fig4.eps> [36]
File: chap3_fig/chap3_fig5.eps Graphic file (type eps)
 <chap3_fig/chap3_fig5.eps>

LaTeX Warning: No positions in optional float specifier.
               Default added (so using `tbp') on input line 141.

[37]

LaTeX Warning: No positions in optional float specifier.
               Default added (so using `tbp') on input line 185.

File: chap3_fig/chap3_fig6.eps Graphic file (type eps)
<chap3_fig/chap3_fig6.eps> [38]

LaTeX Warning: No positions in optional float specifier.
               Default added (so using `tbp') on input line 202.

File: chap3_fig/chap3_fig7.eps Graphic file (type eps)
<chap3_fig/chap3_fig7.eps> [39]

LaTeX Warning: No positions in optional float specifier.
               Default added (so using `tbp') on input line 215.

File: chap3_fig/chap3_fig8.eps Graphic file (type eps)
<chap3_fig/chap3_fig8.eps> [40]

LaTeX Warning: No positions in optional float specifier.
               Default added (so using `tbp') on input line 226.

File: chap3_fig/chap3_fig9.eps Graphic file (type eps)
<chap3_fig/chap3_fig9.eps>

LaTeX Warning: No positions in optional float specifier.
               Default added (so using `tbp') on input line 235.

File: chap3_fig/chap3_fig10.eps Graphic file (type eps)
<chap3_fig/chap3_fig10.eps> [41]) [42]
\openout2 = `ch4-HBD_ACS.aux'.

 (ch4-HBD_ACS.tex
Chapter 4.
[43



] [44]

LaTeX Warning: No positions in optional float specifier.
               Default added (so using `tbp') on input line 24.

File: chap4_fig/block_diagram.eps Graphic file (type eps)
<chap4_fig/block_diagram.eps> [45]
Underfull \vbox (badness 2680) has occurred while \output is active []

 [46] [47] [48] [49] [50] [51] [52]
Overfull \hbox (5.42468pt too wide) in paragraph at lines 214--215
[]\OT1/cmr/m/n/12 It has since been shown by Shin et al. [108] and Hei-dar-pour et al. [127] that $[][] \OML/ntxmi/m/it/
12 d[] \U/ntxmia/m/it/12 =
 []

[53] [54]
Overfull \hbox (10.6931pt too wide) in alignment at lines 296--303
 [][][] []
 []

[55]
Overfull \hbox (7.13712pt too wide) in paragraph at lines 320--323
\OT1/cmr/m/n/12 ing with the de-nom-i-na-tor of $\OML/ntxmi/m/it/12 d[]$\OT1/cmr/m/n/12 , $[][] \OML/ntxmi/m/it/12 < \OT
1/cmr/m/n/12 1$ when $\OML/ntxmi/m/it/12 l \LMS/ntxsy/m/n/12  \OML/ntxmi/m/it/12 q$\OT1/cmr/m/n/12 . Thus, $[][] [][] [
] 
 []

[56] [57]
Overfull \hbox (3.40778pt too wide) in paragraph at lines 363--365
[]\OT1/cmr/m/n/12 From (4.32[]), It can be seen that $[][]\LMS/ntxsy/m/n/12 ¹\U/ntxmia/m/it/12 
[]\LMS/ntxsy/m/n/12 º[] \U/ntxmia/m/it/12 = \OT1/cmr/m/n/12 1$ when $\OML/ntxmi/m/it/12 m \U/ntxmia/m/it/12 = \OT1/cmr/m
/n/12 0$, and $[][]\LMS/ntxsy/m/n/12 ¹\U/ntxmia/m/it/12 
[]\LMS/ntxsy/m/n/12 º[][] 
 []


Overfull \hbox (1.53928pt too wide) in alignment at lines 390--397
 [][][] []
 []

[58] [59] [60]

LaTeX Warning: No positions in optional float specifier.
               Default added (so using `tbp') on input line 447.

File: chap4_fig/fixed_pout_gs.eps Graphic file (type eps)
<chap4_fig/fixed_pout_gs.eps>

LaTeX Warning: No positions in optional float specifier.
               Default added (so using `tbp') on input line 454.

File: chap4_fig/fixed_df_gs.eps Graphic file (type eps)
<chap4_fig/fixed_df_gs.eps> [61]

LaTeX Warning: No positions in optional float specifier.
               Default added (so using `tbp') on input line 465.

File: chap4_fig/fixed_pout_as2.eps Graphic file (type eps)
<chap4_fig/fixed_pout_as2.eps>

LaTeX Warning: No positions in optional float specifier.
               Default added (so using `tbp') on input line 474.

File: chap4_fig/fixed_df_as2.eps Graphic file (type eps)
<chap4_fig/fixed_df_as2.eps> [62] [63] [64]

LaTeX Warning: No positions in optional float specifier.
               Default added (so using `tbp') on input line 490.

File: chap4_fig/fixed_pout_sys.eps Graphic file (type eps)
<chap4_fig/fixed_pout_sys.eps>

LaTeX Warning: No positions in optional float specifier.
               Default added (so using `tbp') on input line 498.

File: chap4_fig/fixed_df_sys.eps Graphic file (type eps)
<chap4_fig/fixed_df_sys.eps> [65] [66]

LaTeX Warning: No positions in optional float specifier.
               Default added (so using `tbp') on input line 519.

File: chap4_fig/var_df_gs.eps Graphic file (type eps)
<chap4_fig/var_df_gs.eps> [67]

LaTeX Warning: No positions in optional float specifier.
               Default added (so using `tbp') on input line 533.

File: chap4_fig/var_df_as2.eps Graphic file (type eps)
<chap4_fig/var_df_as2.eps> [68]

LaTeX Warning: No positions in optional float specifier.
               Default added (so using `tbp') on input line 549.

File: chap4_fig/var_df_sys.eps Graphic file (type eps)
<chap4_fig/var_df_sys.eps>
Underfull \vbox (badness 1087) has occurred while \output is active []

 [69] [70] [71]) [72]
\openout2 = `ch5-conclu.aux'.

 (ch5-conclu.tex
Chapter 5.
[73



] [74] [75] [76] [77] [78]) [79]
\openout2 = `bm1-appendix.aux'.

 (bm1-appendix.tex
Appendix A.
[80



]) [81] (main_QE_report.bbl [82


] [83] [84] [85] [86] [87]

LaTeX Font Warning: Font shape `OT1/cmr/m/n' in size <5.5> not available
(Font)              size <5> substituted on input line 766.

[88]) [89] (main_QE_report.aux (fm6-publication.aux) (ch1-intro.aux) (ch2-literature_review.aux)
(ch3-efficiency_improvements.aux) (ch4-HBD_ACS.aux) (ch5-conclu.aux) (bm1-appendix.aux))

LaTeX Font Warning: Size substitutions with differences
(Font)              up to 0.5pt have occurred.


LaTeX Warning: There were multiply-defined labels.

 ) 
Here is how much of TeX's memory you used:
 4030 strings out of 492971
 55727 string characters out of 3135881
 115001 words of memory out of 3000000
 7727 multiletter control sequences out of 15000+200000
 40570 words of font info for 115 fonts, out of 3000000 for 9000
 1141 hyphenation exceptions out of 8191
 34i,14n,34p,1976b,369s stack positions out of 5000i,500n,10000p,200000b,50000s

Output written on main_QE_report.dvi (104 pages, 351108 bytes).
